<?xml version="1.0" encoding="UTF-8"?>
<!-- Generated by org.testng.reporters.JUnitReportReporter -->
<testsuite hostname="Abhishek-Gupta" name="Cases.Assignment3" tests="1" failures="0" timestamp="18 Jan 2018 09:57:17 GMT" time="16.137" errors="0">
  <testcase name="enterContactUsDetails" time="16.137" classname="Cases.Assignment3"/>
</testsuite> <!-- Cases.Assignment3 -->
