<?xml version="1.0" encoding="UTF-8"?>
<!-- Generated by org.testng.reporters.JUnitReportReporter -->
<testsuite hostname="Abhishek-Gupta" name="Cases.Assignment4" tests="1" failures="0" timestamp="24 Jan 2018 11:04:44 GMT" time="113.555" errors="0">
  <testcase name="getListText" time="113.555" classname="Cases.Assignment4"/>
</testsuite> <!-- Cases.Assignment4 -->
