<?xml version="1.0" encoding="UTF-8"?>
<!-- Generated by org.testng.reporters.JUnitReportReporter -->
<testsuite hostname="Abhishek-Gupta" name="Cases.Assignment6" tests="1" failures="0" timestamp="13 Feb 2018 12:00:46 GMT" time="20.139" errors="0">
  <testcase name="verifySaerchResults" time="20.139" classname="Cases.Assignment6"/>
</testsuite> <!-- Cases.Assignment6 -->
