<?xml version="1.0" encoding="UTF-8"?>
<!-- Generated by org.testng.reporters.JUnitReportReporter -->
<testsuite hostname="Abhishek-Gupta" name="Cases.Assignment5" tests="1" failures="0" timestamp="24 Jan 2018 11:48:04 GMT" time="19.392" errors="0">
  <testcase name="getTop10Loosers" time="19.392" classname="Cases.Assignment5"/>
</testsuite> <!-- Cases.Assignment5 -->
