<?xml version="1.0" encoding="UTF-8"?>
<!-- Generated by org.testng.reporters.JUnitReportReporter -->
<testsuite hostname="Abhishek-Gupta" name="Cases.Assignment7" tests="1" failures="0" timestamp="15 Feb 2018 12:47:44 GMT" time="21.658" errors="0">
  <testcase name="addItemToCart" time="21.658" classname="Cases.Assignment7"/>
</testsuite> <!-- Cases.Assignment7 -->
