<?xml version="1.0" encoding="UTF-8"?>
<!-- Generated by org.testng.reporters.JUnitReportReporter -->
<testsuite name="DataDrivenAssignments.Assignments" tests="1" time="20.320" ignored="0" failures="0" timestamp="18 Nov 2020 11:06:14 GMT" skipped="0" hostname="ip-192-168-1-11.ec2.internal" errors="0">
  <testcase name="searchResults" time="20.320" classname="DataDrivenAssignments.Assignments"/>
</testsuite> <!-- DataDrivenAssignments.Assignments -->
